
 Nombre: UIU. 
E-Mail: sancho@124.com.
Comentario: 
 ´TÑU.
Fecha: 01-01-70

 Nombre: Pedro. 
E-Mail: sancho@124.com.
Comentario: Lorem ipsum dolor sit amet, consectetur adipiscing elit. Nulla dapibus metus venenatis aliquet varius. Interdum et malesuada fames ac ante ipsum primis in faucibus. In pharetra mattis orci in porttitor. Phasellus a tempor lectus, lacinia sodales enim. Nulla feugiat in turpis at sodales. Integer accumsan metus lacinia nisl congue ornare. Aenean non enim a tortor efficitur consectetur. Vivamus sollicitudin dui nec aliquam tempus. Maecenas cursus mattis nibh sed lacinia. Donec est nibh, aliquam pellentesque orci ac, ultrices mattis enim. Nunc vitae aliquam orci. Donec sem felis, placerat quis ligula non, efficitur viverra felis..
Fecha: 01-01-70

 Nombre: Pedro. 
E-Mail: sancho@124.com.
Comentario: Lorem ipsum dolor sit amet, consectetur adipiscing elit. Nulla dapibus metus venenatis aliquet varius. Interdum et malesuada fames ac ante ipsum primis in faucibus. In pharetra mattis orci in porttitor. Phasellus a tempor lectus, lacinia sodales enim. Nulla feugiat in turpis at sodales. Integer accumsan metus lacinia nisl congue ornare. Aenean non enim a tortor efficitur consectetur. Vivamus sollicitudin dui nec aliquam tempus. Maecenas cursus mattis nibh sed lacinia. Donec est nibh, aliquam pellentesque orci ac, ultrices mattis enim. Nunc vitae aliquam orci. Donec sem felis, placerat quis ligula non, efficitur viverra felis..
Fecha: 01-01-70

 Nombre: Pedro. 
E-Mail: sancho@124.com.
Comentario: Lorem ipsum dolor sit amet, consectetur adipiscing elit. Nulla dapibus metus venenatis aliquet varius. Interdum et malesuada fames ac ante ipsum primis in faucibus. In pharetra mattis orci in porttitor. Phasellus a tempor lectus, lacinia sodales enim. Nulla feugiat in turpis at sodales. Integer accumsan metus lacinia nisl congue ornare. Aenean non enim a tortor efficitur consectetur. Vivamus sollicitudin dui nec aliquam tempus. Maecenas cursus mattis nibh sed lacinia. Donec est nibh, aliquam pellentesque orci ac, ultrices mattis enim. Nunc vitae aliquam orci. Donec sem felis, placerat quis ligula non, efficitur viverra felis..
Fecha: 01-01-70

 Nombre: Pedro. 
E-Mail: sancho@124.com.
Comentario: Lorem ipsum dolor sit amet, consectetur adipiscing elit. Nulla dapibus metus venenatis aliquet varius. Interdum et malesuada fames ac ante ipsum primis in faucibus. In pharetra mattis orci in porttitor. Phasellus a tempor lectus, lacinia sodales enim. Nulla feugiat in turpis at sodales. Integer accumsan metus lacinia nisl congue ornare. Aenean non enim a tortor efficitur consectetur. Vivamus sollicitudin dui nec aliquam tempus. Maecenas cursus mattis nibh sed lacinia. Donec est nibh, aliquam pellentesque orci ac, ultrices mattis enim. Nunc vitae aliquam orci. Donec sem felis, placerat quis ligula non, efficitur viverra felis..
Fecha: 01-01-70

 Nombre: Pedro. 
E-Mail: sancho@124.com.
Comentario: Lorem ipsum dolor sit amet, consectetur adipiscing elit. Nulla dapibus metus venenatis aliquet varius. Interdum et malesuada fames ac ante ipsum primis in faucibus. In pharetra mattis orci in porttitor. Phasellus a tempor lectus, lacinia sodales enim. Nulla feugiat in turpis at sodales. Integer accumsan metus lacinia nisl congue ornare. Aenean non enim a tortor efficitur consectetur. Vivamus sollicitudin dui nec aliquam tempus. Maecenas cursus mattis nibh sed lacinia. Donec est nibh, aliquam pellentesque orci ac, ultrices mattis enim. Nunc vitae aliquam orci. Donec sem felis, placerat quis ligula non, efficitur viverra felis..
Fecha: 23-04-24

 Nombre: Pedro. 
E-Mail: sancho@124.com.
Comentario: Lorem ipsum dolor sit amet, consectetur adipiscing elit. Nulla dapibus metus venenatis aliquet varius. Interdum et malesuada fames ac ante ipsum primis in faucibus. In pharetra mattis orci in porttitor. Phasellus a tempor lectus, lacinia sodales enim. Nulla feugiat in turpis at sodales. Integer accumsan metus lacinia nisl congue ornare. Aenean non enim a tortor efficitur consectetur. Vivamus sollicitudin dui nec aliquam tempus. Maecenas cursus mattis nibh sed lacinia. Donec est nibh, aliquam pellentesque orci ac, ultrices mattis enim. Nunc vitae aliquam orci. Donec sem felis, placerat quis ligula non, efficitur viverra felis..
Fecha: 23-04-24 13-37-22

 Nombre: Pedro. 
E-Mail: sancho@124.com.
Comentario: Lorem ipsum dolor sit amet, consectetur adipiscing elit. Nulla dapibus metus venenatis aliquet varius. Interdum et malesuada fames ac ante ipsum primis in faucibus. In pharetra mattis orci in porttitor. Phasellus a tempor lectus, lacinia sodales enim. Nulla feugiat in turpis at sodales. Integer accumsan metus lacinia nisl congue ornare. Aenean non enim a tortor efficitur consectetur. Vivamus sollicitudin dui nec aliquam tempus. Maecenas cursus mattis nibh sed lacinia. Donec est nibh, aliquam pellentesque orci ac, ultrices mattis enim. Nunc vitae aliquam orci. Donec sem felis, placerat quis ligula non, efficitur viverra felis..
Fecha: 23-04-24 13:37:4901

 Nombre: Pedro. 
E-Mail: sancho@124.com.
Comentario: Lorem ipsum dolor sit amet, consectetur adipiscing elit. Nulla dapibus metus venenatis aliquet varius. Interdum et malesuada fames ac ante ipsum primis in faucibus. In pharetra mattis orci in porttitor. Phasellus a tempor lectus, lacinia sodales enim. Nulla feugiat in turpis at sodales. Integer accumsan metus lacinia nisl congue ornare. Aenean non enim a tortor efficitur consectetur. Vivamus sollicitudin dui nec aliquam tempus. Maecenas cursus mattis nibh sed lacinia. Donec est nibh, aliquam pellentesque orci ac, ultrices mattis enim. Nunc vitae aliquam orci. Donec sem felis, placerat quis ligula non, efficitur viverra felis..
Fecha: 23-04-24 13:38:03

 Nombre: Pedro. 
E-Mail: sancho@124.com.
Comentario: Lorem ipsum dolor sit amet, consectetur adipiscing elit. Nulla dapibus metus venenatis aliquet varius. Interdum et malesuada fames ac ante ipsum primis in faucibus. In pharetra mattis orci in porttitor. Phasellus a tempor lectus, lacinia sodales enim. Nulla feugiat in turpis at sodales. Integer accumsan metus lacinia nisl congue ornare. Aenean non enim a tortor efficitur consectetur. Vivamus sollicitudin dui nec aliquam tempus. Maecenas cursus mattis nibh sed lacinia. Donec est nibh, aliquam pellentesque orci ac, ultrices mattis enim. Nunc vitae aliquam orci. Donec sem felis, placerat quis ligula non, efficitur viverra felis..
Fecha: 23-04-24 13:38:29\h

 Nombre: Pedro. 
E-Mail: sancho@124.com.
Comentario: Lorem ipsum dolor sit amet, consectetur adipiscing elit. Nulla dapibus metus venenatis aliquet varius. Interdum et malesuada fames ac ante ipsum primis in faucibus. In pharetra mattis orci in porttitor. Phasellus a tempor lectus, lacinia sodales enim. Nulla feugiat in turpis at sodales. Integer accumsan metus lacinia nisl congue ornare. Aenean non enim a tortor efficitur consectetur. Vivamus sollicitudin dui nec aliquam tempus. Maecenas cursus mattis nibh sed lacinia. Donec est nibh, aliquam pellentesque orci ac, ultrices mattis enim. Nunc vitae aliquam orci. Donec sem felis, placerat quis ligula non, efficitur viverra felis..
Fecha: 23-04-24 13:38:49h
